{"C:\\Users\\Rionecnirp\\Documents\\OPENCLASSROOM\\PROJETS\\Projet 8\\FrontEnd\\src\\Components\\Collapse\\Collapse.jsx": {"path":"C:\\Users\\Rionecnirp\\Documents\\OPENCLASSROOM\\PROJETS\\Projet 8\\FrontEnd\\src\\Components\\Collapse\\Collapse.jsx","all":false,"statementMap":{"0":{"start":{"line":1,"column":0},"end":{"line":1,"column":40}},"1":{"start":{"line":2,"column":0},"end":{"line":2,"column":42}},"2":{"start":{"line":3,"column":0},"end":{"line":3,"column":23}},"11":{"start":{"line":12,"column":0},"end":{"line":12,"column":37}},"12":{"start":{"line":13,"column":0},"end":{"line":13,"column":48}},"14":{"start":{"line":15,"column":0},"end":{"line":15,"column":12}},"15":{"start":{"line":16,"column":0},"end":{"line":16,"column":47}},"16":{"start":{"line":17,"column":0},"end":{"line":17,"column":44}},"17":{"start":{"line":18,"column":0},"end":{"line":18,"column":30}},"18":{"start":{"line":19,"column":0},"end":{"line":19,"column":20}},"19":{"start":{"line":20,"column":0},"end":{"line":20,"column":62}},"20":{"start":{"line":21,"column":0},"end":{"line":21,"column":55}},"21":{"start":{"line":22,"column":0},"end":{"line":22,"column":31}},"22":{"start":{"line":23,"column":0},"end":{"line":23,"column":34}},"23":{"start":{"line":24,"column":0},"end":{"line":24,"column":33}},"24":{"start":{"line":25,"column":0},"end":{"line":25,"column":18}},"25":{"start":{"line":26,"column":0},"end":{"line":26,"column":18}},"26":{"start":{"line":27,"column":0},"end":{"line":27,"column":68}},"27":{"start":{"line":28,"column":0},"end":{"line":28,"column":22}},"28":{"start":{"line":29,"column":0},"end":{"line":29,"column":22}},"29":{"start":{"line":30,"column":0},"end":{"line":30,"column":18}},"32":{"start":{"line":33,"column":0},"end":{"line":33,"column":2}},"34":{"start":{"line":35,"column":0},"end":{"line":35,"column":24}}},"s":{"0":1,"1":1,"2":1,"11":1,"12":4,"14":4,"15":4,"16":4,"17":4,"18":4,"19":4,"20":4,"21":4,"22":4,"23":4,"24":4,"25":4,"26":4,"27":4,"28":4,"29":4,"32":4,"34":1},"branchMap":{"0":{"type":"branch","line":12,"loc":{"start":{"line":12,"column":17},"end":{"line":33,"column":2}},"locations":[{"start":{"line":12,"column":17},"end":{"line":33,"column":2}}]},"1":{"type":"branch","line":20,"loc":{"start":{"line":20,"column":40},"end":{"line":20,"column":57}},"locations":[{"start":{"line":20,"column":40},"end":{"line":20,"column":57}}]},"2":{"type":"branch","line":20,"loc":{"start":{"line":20,"column":50},"end":{"line":20,"column":59}},"locations":[{"start":{"line":20,"column":50},"end":{"line":20,"column":59}}]},"3":{"type":"branch","line":27,"loc":{"start":{"line":27,"column":44},"end":{"line":27,"column":62}},"locations":[{"start":{"line":27,"column":44},"end":{"line":27,"column":62}}]},"4":{"type":"branch","line":27,"loc":{"start":{"line":27,"column":54},"end":{"line":27,"column":64}},"locations":[{"start":{"line":27,"column":54},"end":{"line":27,"column":64}}]},"5":{"type":"branch","line":21,"loc":{"start":{"line":21,"column":29},"end":{"line":21,"column":55}},"locations":[{"start":{"line":21,"column":29},"end":{"line":21,"column":55}}]}},"b":{"0":[4],"1":[1],"2":[3],"3":[1],"4":[3],"5":[2]},"fnMap":{"0":{"name":"Collapse","decl":{"start":{"line":12,"column":17},"end":{"line":33,"column":2}},"loc":{"start":{"line":12,"column":17},"end":{"line":33,"column":2}},"line":12},"1":{"name":"onClick","decl":{"start":{"line":21,"column":29},"end":{"line":21,"column":55}},"loc":{"start":{"line":21,"column":29},"end":{"line":21,"column":55}},"line":21}},"f":{"0":4,"1":2}}
}
